<?xml version="1.0" encoding="UTF-8"?>
<!-- Generated by org.testng.reporters.JUnitXMLReporter -->
<testsuite hostname="LAPTOP-L9U3TNVC" ignored="0" name="Default test" tests="8" failures="0" timestamp="18 Aug 2021 01:42:03 GMT" time="120.673" errors="0">
  <testcase name="createNewContactTest" time="0.403" classname="com.qa.facebook.tests.LoginPageTest"/>
  <testcase name="createNewContactTest" time="0.407" classname="com.qa.facebook.tests.LoginPageTest"/>
  <testcase name="createNewContactTest" time="0.414" classname="com.qa.facebook.tests.LoginPageTest"/>
  <testcase name="createNewContactTest" time="0.371" classname="com.qa.facebook.tests.LoginPageTest"/>
  <testcase name="createNewContactTest" time="0.403" classname="com.qa.facebook.tests.LoginPageTest"/>
  <testcase name="createNewContactTest" time="0.422" classname="com.qa.facebook.tests.LoginPageTest"/>
  <testcase name="createNewContactTest" time="0.417" classname="com.qa.facebook.tests.LoginPageTest"/>
  <testcase name="createNewContactTest" time="0.394" classname="com.qa.facebook.tests.LoginPageTest"/>
</testsuite> <!-- Default test -->
