<?xml version="1.0" encoding="UTF-8"?>
<!-- Generated by org.testng.reporters.JUnitXMLReporter -->
<testsuite hostname="LAPTOP-L9U3TNVC" ignored="0" name="Regression Test Results" tests="8" failures="0" timestamp="18 Aug 2021 01:49:08 GMT" time="124.62" errors="0">
  <testcase name="createNewContactTest" time="0.423" classname="com.qa.facebook.tests.LoginPageTest"/>
  <testcase name="createNewContactTest" time="0.444" classname="com.qa.facebook.tests.LoginPageTest"/>
  <testcase name="createNewContactTest" time="0.414" classname="com.qa.facebook.tests.LoginPageTest"/>
  <testcase name="createNewContactTest" time="0.404" classname="com.qa.facebook.tests.LoginPageTest"/>
  <testcase name="createNewContactTest" time="0.412" classname="com.qa.facebook.tests.LoginPageTest"/>
  <testcase name="createNewContactTest" time="0.39" classname="com.qa.facebook.tests.LoginPageTest"/>
  <testcase name="createNewContactTest" time="0.411" classname="com.qa.facebook.tests.LoginPageTest"/>
  <testcase name="createNewContactTest" time="0.398" classname="com.qa.facebook.tests.LoginPageTest"/>
</testsuite> <!-- Regression Test Results -->
